<?xml version="1.0" encoding="UTF-8"?>
<!-- Generated by org.testng.reporters.JUnitReportReporter -->
<testsuite skipped="0" hostname="LTIN175600" name="com.learn.rest_assured_learning.Sample_Reqres" tests="2" failures="0" timestamp="2021-06-25T22:32:45 IST" time="9.420" errors="0">
  <testcase name="getRequestExample" time="2.652" classname="com.learn.rest_assured_learning.Sample_Reqres"/>
  <system-out/>
  <testcase name="CucumberGETRequest" time="6.768" classname="com.learn.rest_assured_learning.Sample_Reqres"/>
  <system-out/>
</testsuite> <!-- com.learn.rest_assured_learning.Sample_Reqres -->
