<?xml version="1.0" encoding="UTF-8"?>
<!-- Generated by org.testng.reporters.JUnitReportReporter -->
<testsuite skipped="0" hostname="LTIN175600" name="com.learn.rest_assured_learning.SamplePUTRequest" tests="2" failures="0" timestamp="2021-06-25T23:09:08 IST" time="6.795" errors="0">
  <testcase name="putrequestexample" time="1.352" classname="com.learn.rest_assured_learning.SamplePUTRequest"/>
  <system-out/>
  <testcase name="deleteRequestexample" time="5.443" classname="com.learn.rest_assured_learning.SamplePUTRequest"/>
  <system-out/>
</testsuite> <!-- com.learn.rest_assured_learning.SamplePUTRequest -->
