<?xml version="1.0" encoding="UTF-8"?>
<!-- Generated by org.testng.reporters.JUnitReportReporter -->
<testsuite skipped="0" hostname="LTIN175600" name="com.learn.rest_assured_learning.Sample_Reqres" tests="1" failures="0" timestamp="2021-06-25T21:55:09 IST" time="5.162" errors="0">
  <testcase name="getRequestExample" time="5.162" classname="com.learn.rest_assured_learning.Sample_Reqres"/>
  <system-out/>
</testsuite> <!-- com.learn.rest_assured_learning.Sample_Reqres -->
